<?xml version="1.0" encoding="UTF-8"?>
<testng-results skipped="0" failed="0" ignored="0" total="1" passed="1">
  <reporter-output>
  </reporter-output>
  <suite name="Default suite" duration-ms="6248" started-at="2020-01-18T13:35:30Z" finished-at="2020-01-18T13:35:36Z">
    <groups>
    </groups>
    <test name="Default test" duration-ms="6248" started-at="2020-01-18T13:35:30Z" finished-at="2020-01-18T13:35:36Z">
      <class name="com.qa.testPackage.testclass">
        <test-method status="PASS" signature="testNg()[pri:0, instance:com.qa.testPackage.testclass@724af044]" name="testNg" duration-ms="6231" started-at="2020-01-18T19:05:30Z" finished-at="2020-01-18T19:05:36Z">
          <reporter-output>
          </reporter-output>
        </test-method> <!-- testNg -->
      </class> <!-- com.qa.testPackage.testclass -->
    </test> <!-- Default test -->
  </suite> <!-- Default suite -->
</testng-results>
